<?xml version="1.0" encoding="UTF-8"?>
<testng-results skipped="0" failed="0" ignored="0" total="1" passed="1">
  <reporter-output>
    <line>
      <![CDATA[hi]]>
    </line>
  </reporter-output>
  <suite name="Suite" duration-ms="108" started-at="2019-10-30T10:16:00Z" finished-at="2019-10-30T10:16:00Z">
    <groups>
    </groups>
    <test name="Test" duration-ms="108" started-at="2019-10-30T10:16:00Z" finished-at="2019-10-30T10:16:00Z">
      <class name="com.Demo.Genkin1">
        <test-method status="PASS" signature="Test1()[pri:0, instance:com.Demo.Genkin1@5d3411d]" name="Test1" duration-ms="21" started-at="2019-10-30T10:16:00Z" finished-at="2019-10-30T10:16:00Z">
          <reporter-output>
            <line>
              <![CDATA[hi]]>
            </line>
          </reporter-output>
        </test-method> <!-- Test1 -->
      </class> <!-- com.Demo.Genkin1 -->
    </test> <!-- Test -->
  </suite> <!-- Suite -->
</testng-results>
